E, [2017-10-31T13:48:33.281933 #8965] ERROR -- Kitchen: ------Exception-------
E, [2017-10-31T13:48:33.281994 #8965] ERROR -- Kitchen: Class: Kitchen::UserError
E, [2017-10-31T13:48:33.282016 #8965] ERROR -- Kitchen: Message: Kitchen YAML file /Users/joseluisruizruiz/Documents/wazuhgit/wazuh-chef-pilot/.kitchen.yml does not exist.
E, [2017-10-31T13:48:33.282032 #8965] ERROR -- Kitchen: ----------------------
E, [2017-10-31T13:48:33.282046 #8965] ERROR -- Kitchen: ------Backtrace-------
E, [2017-10-31T13:48:33.282060 #8965] ERROR -- Kitchen: /Library/Ruby/Gems/2.3.0/gems/test-kitchen-1.17.0/lib/kitchen/loader/yaml.rb:71:in `read'
E, [2017-10-31T13:48:33.282074 #8965] ERROR -- Kitchen: /Library/Ruby/Gems/2.3.0/gems/test-kitchen-1.17.0/lib/kitchen/config.rb:147:in `data'
E, [2017-10-31T13:48:33.282087 #8965] ERROR -- Kitchen: /Library/Ruby/Gems/2.3.0/gems/test-kitchen-1.17.0/lib/kitchen/config.rb:126:in `suites'
E, [2017-10-31T13:48:33.282101 #8965] ERROR -- Kitchen: /Library/Ruby/Gems/2.3.0/gems/test-kitchen-1.17.0/lib/kitchen/config.rb:177:in `filter_instances'
E, [2017-10-31T13:48:33.282118 #8965] ERROR -- Kitchen: /Library/Ruby/Gems/2.3.0/gems/test-kitchen-1.17.0/lib/kitchen/config.rb:136:in `build_instances'
E, [2017-10-31T13:48:33.282132 #8965] ERROR -- Kitchen: /Library/Ruby/Gems/2.3.0/gems/test-kitchen-1.17.0/lib/kitchen/config.rb:112:in `instances'
E, [2017-10-31T13:48:33.282146 #8965] ERROR -- Kitchen: /Library/Ruby/Gems/2.3.0/gems/test-kitchen-1.17.0/lib/kitchen/command.rb:112:in `filtered_instances'
E, [2017-10-31T13:48:33.282160 #8965] ERROR -- Kitchen: /Library/Ruby/Gems/2.3.0/gems/test-kitchen-1.17.0/lib/kitchen/command.rb:142:in `parse_subcommand'
E, [2017-10-31T13:48:33.282173 #8965] ERROR -- Kitchen: /Library/Ruby/Gems/2.3.0/gems/test-kitchen-1.17.0/lib/kitchen/command/list.rb:30:in `call'
E, [2017-10-31T13:48:33.282187 #8965] ERROR -- Kitchen: /Library/Ruby/Gems/2.3.0/gems/test-kitchen-1.17.0/lib/kitchen/cli.rb:53:in `perform'
E, [2017-10-31T13:48:33.282200 #8965] ERROR -- Kitchen: /Library/Ruby/Gems/2.3.0/gems/test-kitchen-1.17.0/lib/kitchen/cli.rb:121:in `list'
E, [2017-10-31T13:48:33.282213 #8965] ERROR -- Kitchen: /Library/Ruby/Gems/2.3.0/gems/thor-0.19.1/lib/thor/command.rb:27:in `run'
E, [2017-10-31T13:48:33.282227 #8965] ERROR -- Kitchen: /Library/Ruby/Gems/2.3.0/gems/thor-0.19.1/lib/thor/invocation.rb:126:in `invoke_command'
E, [2017-10-31T13:48:33.282240 #8965] ERROR -- Kitchen: /Library/Ruby/Gems/2.3.0/gems/test-kitchen-1.17.0/lib/kitchen/cli.rb:334:in `invoke_task'
E, [2017-10-31T13:48:33.282256 #8965] ERROR -- Kitchen: /Library/Ruby/Gems/2.3.0/gems/thor-0.19.1/lib/thor.rb:359:in `dispatch'
E, [2017-10-31T13:48:33.282270 #8965] ERROR -- Kitchen: /Library/Ruby/Gems/2.3.0/gems/thor-0.19.1/lib/thor/base.rb:440:in `start'
E, [2017-10-31T13:48:33.282314 #8965] ERROR -- Kitchen: /Library/Ruby/Gems/2.3.0/gems/test-kitchen-1.17.0/bin/kitchen:13:in `block in <top (required)>'
E, [2017-10-31T13:48:33.282328 #8965] ERROR -- Kitchen: /Library/Ruby/Gems/2.3.0/gems/test-kitchen-1.17.0/lib/kitchen/errors.rb:171:in `with_friendly_errors'
E, [2017-10-31T13:48:33.282342 #8965] ERROR -- Kitchen: /Library/Ruby/Gems/2.3.0/gems/test-kitchen-1.17.0/bin/kitchen:13:in `<top (required)>'
E, [2017-10-31T13:48:33.282355 #8965] ERROR -- Kitchen: /usr/local/bin/kitchen:22:in `load'
E, [2017-10-31T13:48:33.282368 #8965] ERROR -- Kitchen: /usr/local/bin/kitchen:22:in `<main>'
E, [2017-10-31T13:48:33.282381 #8965] ERROR -- Kitchen: ----End Backtrace-----
